2023-08-15 22:59:04 [INFO][com.cc.EasyPanApplication][logStarting][55]-> Starting EasyPanApplication using Java 1.8.0_351 on DESKTOP-D3E95CQ with PID 19124 (D:\workspace\easypan\target\classes started by 10371 in D:\workspace\easypan)
2023-08-15 22:59:04 [INFO][com.cc.EasyPanApplication][logStartupProfileInfo][635]-> No active profile set, falling back to default profiles: default
2023-08-15 22:59:04 [WARN][org.mybatis.spring.mapper.ClassPathMapperScanner][doScan][166]-> No MyBatis mapper was found in '[com.cc]' package. Please check your configuration.
2023-08-15 22:59:04 [INFO][org.springframework.data.repository.config.RepositoryConfigurationDelegate][multipleStoresDetected][262]-> Multiple Spring Data modules found, entering strict repository configuration mode!
2023-08-15 22:59:04 [INFO][org.springframework.data.repository.config.RepositoryConfigurationDelegate][registerRepositoriesIn][132]-> Bootstrapping Spring Data Redis repositories in DEFAULT mode.
2023-08-15 22:59:04 [INFO][org.springframework.data.repository.config.RepositoryConfigurationDelegate][registerRepositoriesIn][201]-> Finished Spring Data repository scanning in 4 ms. Found 0 Redis repository interfaces.
2023-08-15 22:59:05 [INFO][org.springframework.boot.web.embedded.tomcat.TomcatWebServer][initialize][108]-> Tomcat initialized with port(s): 7090 (http)
2023-08-15 22:59:05 [INFO][org.apache.coyote.http11.Http11NioProtocol][log][173]-> Initializing ProtocolHandler ["http-nio-7090"]
2023-08-15 22:59:05 [INFO][org.apache.catalina.core.StandardService][log][173]-> Starting service [Tomcat]
2023-08-15 22:59:05 [INFO][org.apache.catalina.core.StandardEngine][log][173]-> Starting Servlet engine: [Apache Tomcat/9.0.55]
2023-08-15 22:59:05 [INFO][org.apache.catalina.core.ContainerBase.[Tomcat].[localhost].[/api]][log][173]-> Initializing Spring embedded WebApplicationContext
2023-08-15 22:59:05 [INFO][org.springframework.boot.web.servlet.context.ServletWebServerApplicationContext][prepareWebApplicationContext][290]-> Root WebApplicationContext: initialization completed in 1060 ms
2023-08-15 22:59:06 [INFO][org.apache.coyote.http11.Http11NioProtocol][log][173]-> Starting ProtocolHandler ["http-nio-7090"]
2023-08-15 22:59:06 [INFO][org.springframework.boot.web.embedded.tomcat.TomcatWebServer][start][220]-> Tomcat started on port(s): 7090 (http) with context path '/api'
2023-08-15 22:59:06 [INFO][com.cc.EasyPanApplication][logStarted][61]-> Started EasyPanApplication in 2.425 seconds (JVM running for 4.461)
2023-08-15 23:01:05 [INFO][com.cc.EasyPanApplication][logStarting][55]-> Starting EasyPanApplication using Java 1.8.0_351 on DESKTOP-D3E95CQ with PID 3940 (D:\workspace\easypan\target\classes started by 10371 in D:\workspace\easypan)
2023-08-15 23:01:05 [INFO][com.cc.EasyPanApplication][logStartupProfileInfo][635]-> No active profile set, falling back to default profiles: default
2023-08-15 23:01:06 [WARN][org.mybatis.spring.mapper.ClassPathMapperScanner][doScan][166]-> No MyBatis mapper was found in '[com.cc]' package. Please check your configuration.
2023-08-15 23:01:06 [INFO][org.springframework.data.repository.config.RepositoryConfigurationDelegate][multipleStoresDetected][262]-> Multiple Spring Data modules found, entering strict repository configuration mode!
2023-08-15 23:01:06 [INFO][org.springframework.data.repository.config.RepositoryConfigurationDelegate][registerRepositoriesIn][132]-> Bootstrapping Spring Data Redis repositories in DEFAULT mode.
2023-08-15 23:01:06 [INFO][org.springframework.data.repository.config.RepositoryConfigurationDelegate][registerRepositoriesIn][201]-> Finished Spring Data repository scanning in 4 ms. Found 0 Redis repository interfaces.
2023-08-15 23:01:07 [INFO][org.springframework.boot.web.embedded.tomcat.TomcatWebServer][initialize][108]-> Tomcat initialized with port(s): 7090 (http)
2023-08-15 23:01:07 [INFO][org.apache.coyote.http11.Http11NioProtocol][log][173]-> Initializing ProtocolHandler ["http-nio-7090"]
2023-08-15 23:01:07 [INFO][org.apache.catalina.core.StandardService][log][173]-> Starting service [Tomcat]
2023-08-15 23:01:07 [INFO][org.apache.catalina.core.StandardEngine][log][173]-> Starting Servlet engine: [Apache Tomcat/9.0.55]
2023-08-15 23:01:07 [INFO][org.apache.catalina.core.ContainerBase.[Tomcat].[localhost].[/api]][log][173]-> Initializing Spring embedded WebApplicationContext
2023-08-15 23:01:07 [INFO][org.springframework.boot.web.servlet.context.ServletWebServerApplicationContext][prepareWebApplicationContext][290]-> Root WebApplicationContext: initialization completed in 1230 ms
2023-08-15 23:01:08 [INFO][org.apache.coyote.http11.Http11NioProtocol][log][173]-> Starting ProtocolHandler ["http-nio-7090"]
2023-08-15 23:01:08 [INFO][org.springframework.boot.web.embedded.tomcat.TomcatWebServer][start][220]-> Tomcat started on port(s): 7090 (http) with context path '/api'
2023-08-15 23:01:08 [INFO][com.cc.EasyPanApplication][logStarted][61]-> Started EasyPanApplication in 2.742 seconds (JVM running for 5.541)
2023-08-15 23:02:00 [INFO][org.apache.catalina.core.ContainerBase.[Tomcat].[localhost].[/api]][log][173]-> Initializing Spring DispatcherServlet 'dispatcherServlet'
2023-08-15 23:02:00 [INFO][org.springframework.web.servlet.DispatcherServlet][initServletBean][525]-> Initializing Servlet 'dispatcherServlet'
2023-08-15 23:02:00 [INFO][org.springframework.web.servlet.DispatcherServlet][initServletBean][547]-> Completed initialization in 0 ms
